ReportPortalHooks Error: 0 : 17:12:35.3622400 : 1-testhost : System.Collections.Generic.KeyNotFoundException: Property 'Server:Url' not found in the configuration. Make sure you have configured it properly.
   at ReportPortal.Shared.Configuration.Configuration.GetValue[T](String property)
   at ReportPortal.Shared.Reporter.Http.ClientServiceBuilder.Build()
   at ReportPortal.ReqnrollPlugin.ReportPortalHooks.Initialize()
   at ReportPortal.ReqnrollPlugin.ReportPortalHooks.BeforeTestRun()
ReportPortalHooks Error: 0 : 17:12:35.3972530 : 1-testhost : System.NullReferenceException: Object reference not set to an instance of an object.
   at ReportPortal.ReqnrollPlugin.ReportPortalHooks.BeforeStep(FeatureContext featureContext, ScenarioContext scenarioContext)
ReportPortalHooks Error: 0 : 17:12:35.3972560 : 1-testhost : System.NullReferenceException: Object reference not set to an instance of an object.
   at ReportPortal.ReqnrollPlugin.ReportPortalHooks.BeforeStep(FeatureContext featureContext, ScenarioContext scenarioContext)
ReportPortalHooks Error: 0 : 17:12:35.3972540 : 1-testhost : System.NullReferenceException: Object reference not set to an instance of an object.
   at ReportPortal.ReqnrollPlugin.ReportPortalHooks.BeforeStep(FeatureContext featureContext, ScenarioContext scenarioContext)
ReportPortalHooks Error: 0 : 17:12:35.4042150 : 1-testhost : System.NullReferenceException: Object reference not set to an instance of an object.
   at ReportPortal.ReqnrollPlugin.ReportPortalHooks.AfterStep(FeatureContext featureContext, ScenarioContext scenarioContext)
ReportPortalHooks Error: 0 : 17:12:35.4042150 : 1-testhost : System.NullReferenceException: Object reference not set to an instance of an object.
   at ReportPortal.ReqnrollPlugin.ReportPortalHooks.AfterStep(FeatureContext featureContext, ScenarioContext scenarioContext)
ReportPortalHooks Error: 0 : 17:12:35.4042170 : 1-testhost : System.NullReferenceException: Object reference not set to an instance of an object.
   at ReportPortal.ReqnrollPlugin.ReportPortalHooks.AfterStep(FeatureContext featureContext, ScenarioContext scenarioContext)
ReportPortalHooks Error: 0 : 17:12:35.4050840 : 1-testhost : System.NullReferenceException: Object reference not set to an instance of an object.
   at ReportPortal.ReqnrollPlugin.ReportPortalHooks.BeforeStep(FeatureContext featureContext, ScenarioContext scenarioContext)
ReportPortalHooks Error: 0 : 17:12:35.4050940 : 1-testhost : System.NullReferenceException: Object reference not set to an instance of an object.
   at ReportPortal.ReqnrollPlugin.ReportPortalHooks.BeforeStep(FeatureContext featureContext, ScenarioContext scenarioContext)
ReportPortalHooks Error: 0 : 17:12:35.4051180 : 1-testhost : System.NullReferenceException: Object reference not set to an instance of an object.
   at ReportPortal.ReqnrollPlugin.ReportPortalHooks.BeforeStep(FeatureContext featureContext, ScenarioContext scenarioContext)
ReportPortalHooks Error: 0 : 17:12:35.4573060 : 1-testhost : System.NullReferenceException: Object reference not set to an instance of an object.
   at ReportPortal.ReqnrollPlugin.ReportPortalHooks.AfterStep(FeatureContext featureContext, ScenarioContext scenarioContext)
ReportPortalHooks Error: 0 : 17:12:35.4573100 : 1-testhost : System.NullReferenceException: Object reference not set to an instance of an object.
   at ReportPortal.ReqnrollPlugin.ReportPortalHooks.AfterStep(FeatureContext featureContext, ScenarioContext scenarioContext)
ReportPortalHooks Error: 0 : 17:12:35.4581320 : 1-testhost : System.NullReferenceException: Object reference not set to an instance of an object.
   at ReportPortal.ReqnrollPlugin.ReportPortalHooks.BeforeStep(FeatureContext featureContext, ScenarioContext scenarioContext)
ReportPortalHooks Error: 0 : 17:12:35.4581370 : 1-testhost : System.NullReferenceException: Object reference not set to an instance of an object.
   at ReportPortal.ReqnrollPlugin.ReportPortalHooks.BeforeStep(FeatureContext featureContext, ScenarioContext scenarioContext)
ReportPortalHooks Error: 0 : 17:12:35.4590840 : 1-testhost : System.NullReferenceException: Object reference not set to an instance of an object.
   at ReportPortal.ReqnrollPlugin.ReportPortalHooks.AfterStep(FeatureContext featureContext, ScenarioContext scenarioContext)
ReportPortalHooks Error: 0 : 17:12:35.4590890 : 1-testhost : System.NullReferenceException: Object reference not set to an instance of an object.
   at ReportPortal.ReqnrollPlugin.ReportPortalHooks.AfterStep(FeatureContext featureContext, ScenarioContext scenarioContext)
ReportPortalHooks Error: 0 : 17:12:35.4646140 : 1-testhost : System.NullReferenceException: Object reference not set to an instance of an object.
   at ReportPortal.ReqnrollPlugin.ReportPortalHooks.AfterStep(FeatureContext featureContext, ScenarioContext scenarioContext)
ReportPortalHooks Error: 0 : 17:12:35.4648160 : 1-testhost : System.NullReferenceException: Object reference not set to an instance of an object.
   at ReportPortal.ReqnrollPlugin.ReportPortalHooks.BeforeStep(FeatureContext featureContext, ScenarioContext scenarioContext)
ReportPortalHooks Error: 0 : 17:12:35.4649460 : 1-testhost : System.NullReferenceException: Object reference not set to an instance of an object.
   at ReportPortal.ReqnrollPlugin.ReportPortalHooks.AfterStep(FeatureContext featureContext, ScenarioContext scenarioContext)
